{"level":"info","message":"pspublisher is starting...","timestamp":"2016-12-30T02:37:26.009Z"}
{"level":"info","message":"Began watching /Users/Sicueft/Desktop/Projects/PSPublisher/test/test-directory","timestamp":"2016-12-30T02:37:26.013Z"}
{"level":"info","message":"Connected to mongodb://localhost/app","timestamp":"2016-12-30T02:37:26.079Z"}
{"level":"info","message":"PSPublisher is starting...","timestamp":"2016-12-30T02:39:57.802Z"}
{"level":"info","message":"Connected to mongodb://localhost/app","timestamp":"2016-12-30T02:39:57.859Z"}
{"level":"info","message":"/Users/Sicueft/Desktop/Projects/PSPublisher/test/test-directory/test1.json was added to /Users/Sicueft/Desktop/Projects/PSPublisher/test/test-directory.","timestamp":"2016-12-30T02:39:57.864Z"}
{"level":"info","message":"pspublisher is starting...","timestamp":"2016-12-30T02:44:50.879Z"}
{"level":"info","message":"Connected to mongodb://localhost/app","timestamp":"2016-12-30T02:44:50.934Z"}
{"level":"info","message":"/Users/Sicueft/Desktop/Projects/PSPublisher/test/test-directory/test1.json was added to /Users/Sicueft/Desktop/Projects/PSPublisher/test/test-directory.","timestamp":"2016-12-30T02:44:50.939Z"}
{"level":"info","message":"pspublisher is starting...","timestamp":"2016-12-30T02:45:20.496Z"}
{"level":"info","message":"Connected to mongodb://localhost/app","timestamp":"2016-12-30T02:45:20.532Z"}
{"level":"info","message":"Began watching /Users/Sicueft/Desktop/Projects/PSPublisher/test/test-directory","timestamp":"2016-12-30T02:45:20.538Z"}
{"level":"info","message":"Files in /Users/Sicueft/Desktop/Projects/PSPublisher/test/test-directory are not in sync.","timestamp":"2016-12-30T02:45:20.543Z"}
{"level":"info","message":"pspublisher is starting...","timestamp":"2016-12-30T02:46:25.536Z"}
{"level":"info","message":"Connected to mongodb://localhost/app","timestamp":"2016-12-30T02:46:25.576Z"}
{"level":"info","message":"Began watching /Users/Sicueft/Desktop/Projects/PSPublisher/test/test-directory","timestamp":"2016-12-30T02:46:25.584Z"}
{"level":"info","message":"Files in /Users/Sicueft/Desktop/Projects/PSPublisher/test/test-directory are not in sync.","timestamp":"2016-12-30T02:46:25.587Z"}
{"level":"info","message":"pspublisher is starting...","timestamp":"2016-12-30T02:52:11.941Z"}
{"level":"info","message":"Connected to mongodb://localhost/app","timestamp":"2016-12-30T02:52:12.003Z"}
{"level":"info","message":"Began watching /Users/Sicueft/Desktop/Projects/PSPublisher/test/test-directory","timestamp":"2016-12-30T02:52:12.011Z"}
{"level":"info","message":"Files in /Users/Sicueft/Desktop/Projects/PSPublisher/test/test-directory are not in sync.","timestamp":"2016-12-30T02:52:12.018Z"}
{"level":"info","message":"pspublisher is starting...","timestamp":"2016-12-30T02:54:17.071Z"}
{"level":"info","message":"Connected to mongodb://localhost/app","timestamp":"2016-12-30T02:54:17.118Z"}
{"level":"info","message":"Began watching /Users/Sicueft/Desktop/Projects/PSPublisher/test/test-directory","timestamp":"2016-12-30T02:54:17.127Z"}
{"level":"info","message":"Files in /Users/Sicueft/Desktop/Projects/PSPublisher/test/test-directory are not in sync.","timestamp":"2016-12-30T02:54:17.131Z"}
{"level":"info","message":"pspublisher is starting...","timestamp":"2016-12-30T02:54:27.444Z"}
{"level":"info","message":"Connected to mongodb://localhost/app","timestamp":"2016-12-30T02:54:27.514Z"}
{"level":"info","message":"Began watching /Users/Sicueft/Desktop/Projects/PSPublisher/test/test-directory","timestamp":"2016-12-30T02:54:27.529Z"}
{"level":"info","message":"Files in /Users/Sicueft/Desktop/Projects/PSPublisher/test/test-directory are not in sync.","timestamp":"2016-12-30T02:54:27.535Z"}
{"level":"info","message":"Syncing files...","timestamp":"2016-12-30T02:54:27.535Z"}
{"level":"info","message":"pspublisher is starting...","timestamp":"2016-12-30T02:56:17.677Z"}
{"level":"info","message":"Connected to mongodb://localhost/app","timestamp":"2016-12-30T02:56:17.742Z"}
{"level":"info","message":"Began watching /Users/Sicueft/Desktop/Projects/PSPublisher/test/test-directory","timestamp":"2016-12-30T02:56:17.749Z"}
{"level":"info","message":"Files in /Users/Sicueft/Desktop/Projects/PSPublisher/test/test-directory are not in sync.","timestamp":"2016-12-30T02:56:17.751Z"}
{"level":"info","message":"Syncing files...","timestamp":"2016-12-30T02:56:17.751Z"}
{"level":"info","message":"pspublisher is starting...","timestamp":"2016-12-30T02:56:43.804Z"}
{"level":"info","message":"Connected to mongodb://localhost/app","timestamp":"2016-12-30T02:56:43.846Z"}
{"level":"info","message":"Began watching /Users/Sicueft/Desktop/Projects/PSPublisher/test/test-directory","timestamp":"2016-12-30T02:56:43.851Z"}
{"level":"info","message":"There are currently no files in /Users/Sicueft/Desktop/Projects/PSPublisher/test/test-directory.","timestamp":"2016-12-30T02:56:43.854Z"}
{"level":"info","message":"pspublisher is starting...","timestamp":"2016-12-30T02:57:03.850Z"}
{"level":"info","message":"Connected to mongodb://localhost/app","timestamp":"2016-12-30T02:57:03.882Z"}
{"level":"info","message":"/Users/Sicueft/Desktop/Projects/PSPublisher/test/test-directory/test1.json was added to /Users/Sicueft/Desktop/Projects/PSPublisher/test/test-directory.","timestamp":"2016-12-30T02:57:03.889Z"}
{"level":"info","message":"Began watching /Users/Sicueft/Desktop/Projects/PSPublisher/test/test-directory","timestamp":"2016-12-30T02:57:03.890Z"}
{"level":"info","message":"Files in /Users/Sicueft/Desktop/Projects/PSPublisher/test/test-directory are not in sync.","timestamp":"2016-12-30T02:57:03.901Z"}
{"level":"info","message":"Syncing files...","timestamp":"2016-12-30T02:57:03.901Z"}
{"level":"info","message":"/Users/Sicueft/Desktop/Projects/PSPublisher/test/test-directory/test1.json was removed from /Users/Sicueft/Desktop/Projects/PSPublisher/test/test-directory.","timestamp":"2016-12-30T02:57:14.318Z"}
{"level":"info","message":"/Users/Sicueft/Desktop/Projects/PSPublisher/test/test-directory/test1.json was added to /Users/Sicueft/Desktop/Projects/PSPublisher/test/test-directory.","timestamp":"2016-12-30T02:57:20.506Z"}
{"level":"info","message":"pspublisher is starting...","timestamp":"2016-12-30T02:58:51.380Z"}
{"level":"info","message":"Connected to mongodb://localhost/app","timestamp":"2016-12-30T02:58:51.417Z"}
{"level":"info","message":"/Users/Sicueft/Desktop/Projects/PSPublisher/test/test-directory/test1.json was added to /Users/Sicueft/Desktop/Projects/PSPublisher/test/test-directory.","timestamp":"2016-12-30T02:58:51.424Z"}
{"level":"info","message":"Began watching /Users/Sicueft/Desktop/Projects/PSPublisher/test/test-directory","timestamp":"2016-12-30T02:58:51.425Z"}
{"level":"info","message":"Files in /Users/Sicueft/Desktop/Projects/PSPublisher/test/test-directory are not in sync.","timestamp":"2016-12-30T02:58:51.433Z"}
{"level":"info","message":"Syncing files...","timestamp":"2016-12-30T02:58:51.434Z"}
{"level":"info","message":"pspublisher is starting...","timestamp":"2016-12-30T03:07:32.044Z"}
{"level":"info","message":"Connected to mongodb://localhost/app","timestamp":"2016-12-30T03:07:32.105Z"}
{"level":"info","message":"pspublisher is starting...","timestamp":"2016-12-30T03:08:14.257Z"}
{"level":"info","message":"Connected to mongodb://localhost/app","timestamp":"2016-12-30T03:08:14.298Z"}
{"level":"info","message":"pspublisher is starting...","timestamp":"2016-12-30T03:08:37.904Z"}
{"level":"info","message":"Connected to mongodb://localhost/app","timestamp":"2016-12-30T03:08:37.944Z"}
{"level":"info","message":"pspublisher is starting...","timestamp":"2016-12-30T03:09:54.567Z"}
{"level":"info","message":"Connected to mongodb://localhost/app","timestamp":"2016-12-30T03:09:54.609Z"}
{"level":"info","message":"pspublisher is starting...","timestamp":"2016-12-30T03:10:10.681Z"}
{"level":"info","message":"Connected to mongodb://localhost/app","timestamp":"2016-12-30T03:10:10.731Z"}
{"level":"info","message":"pspublisher is starting...","timestamp":"2016-12-30T03:10:51.756Z"}
{"level":"info","message":"Connected to mongodb://localhost/app","timestamp":"2016-12-30T03:10:51.797Z"}
{"level":"info","message":"Connected to mongodb://localhost/app","timestamp":"2016-12-30T03:11:28.022Z"}
{"level":"info","message":"pspublisher is starting...","timestamp":"2016-12-30T03:11:59.342Z"}
{"level":"info","message":"Connected to mongodb://localhost/app","timestamp":"2016-12-30T03:11:59.398Z"}
{"level":"info","message":"/Users/Sicueft/Desktop/Projects/PSPublisher/test/test-directory/test1.json was added to /Users/Sicueft/Desktop/Projects/PSPublisher/test/test-directory.","timestamp":"2016-12-30T03:11:59.403Z"}
{"level":"info","message":"Began watching /Users/Sicueft/Desktop/Projects/PSPublisher/test/test-directory","timestamp":"2016-12-30T03:11:59.404Z"}
{"level":"info","message":"Files in /Users/Sicueft/Desktop/Projects/PSPublisher/test/test-directory are not in sync.","timestamp":"2016-12-30T03:11:59.406Z"}
{"level":"info","message":"Syncing files...","timestamp":"2016-12-30T03:11:59.406Z"}
{"level":"info","message":"pspublisher is starting...","timestamp":"2016-12-30T03:12:51.585Z"}
{"level":"info","message":"Connected to mongodb://localhost/app","timestamp":"2016-12-30T03:12:51.623Z"}
{"level":"info","message":"/Users/Sicueft/Desktop/Projects/PSPublisher/test/test-directory/test1.json was added to /Users/Sicueft/Desktop/Projects/PSPublisher/test/test-directory.","timestamp":"2016-12-30T03:12:51.634Z"}
{"level":"info","message":"Began watching /Users/Sicueft/Desktop/Projects/PSPublisher/test/test-directory","timestamp":"2016-12-30T03:12:51.637Z"}
{"level":"info","message":"Files in /Users/Sicueft/Desktop/Projects/PSPublisher/test/test-directory are not in sync.","timestamp":"2016-12-30T03:12:51.651Z"}
{"level":"info","message":"Syncing files...","timestamp":"2016-12-30T03:12:51.652Z"}
{"level":"info","message":"pspublisher is starting...","timestamp":"2016-12-30T03:13:01.243Z"}
{"level":"info","message":"Connected to mongodb://localhost/app","timestamp":"2016-12-30T03:13:01.277Z"}
{"level":"info","message":"/Users/Sicueft/Desktop/Projects/PSPublisher/test/test-directory/test1.json was added to /Users/Sicueft/Desktop/Projects/PSPublisher/test/test-directory.","timestamp":"2016-12-30T03:13:01.285Z"}
{"level":"info","message":"Began watching /Users/Sicueft/Desktop/Projects/PSPublisher/test/test-directory","timestamp":"2016-12-30T03:13:01.286Z"}
{"level":"info","message":"Files in /Users/Sicueft/Desktop/Projects/PSPublisher/test/test-directory are not in sync.","timestamp":"2016-12-30T03:13:01.295Z"}
{"level":"info","message":"Syncing files...","timestamp":"2016-12-30T03:13:01.296Z"}
{"level":"info","message":"pspublisher is starting...","timestamp":"2016-12-30T03:13:20.557Z"}
{"level":"info","message":"Connected to mongodb://localhost/app","timestamp":"2016-12-30T03:13:20.591Z"}
{"level":"info","message":"/Users/Sicueft/Desktop/Projects/PSPublisher/test/test-directory/test1.json was added to /Users/Sicueft/Desktop/Projects/PSPublisher/test/test-directory.","timestamp":"2016-12-30T03:13:20.599Z"}
{"level":"info","message":"Began watching /Users/Sicueft/Desktop/Projects/PSPublisher/test/test-directory","timestamp":"2016-12-30T03:13:20.600Z"}
{"level":"info","message":"Files in /Users/Sicueft/Desktop/Projects/PSPublisher/test/test-directory are not in sync.","timestamp":"2016-12-30T03:13:20.608Z"}
{"level":"info","message":"Syncing files...","timestamp":"2016-12-30T03:13:20.609Z"}
{"level":"info","message":"pspublisher is starting...","timestamp":"2016-12-30T03:13:33.315Z"}
{"level":"info","message":"Connected to mongodb://localhost/app","timestamp":"2016-12-30T03:13:33.348Z"}
{"level":"info","message":"/Users/Sicueft/Desktop/Projects/PSPublisher/test/test-directory/test1.json was added to /Users/Sicueft/Desktop/Projects/PSPublisher/test/test-directory.","timestamp":"2016-12-30T03:13:33.354Z"}
{"level":"info","message":"Began watching /Users/Sicueft/Desktop/Projects/PSPublisher/test/test-directory","timestamp":"2016-12-30T03:13:33.355Z"}
{"level":"info","message":"Files in /Users/Sicueft/Desktop/Projects/PSPublisher/test/test-directory are not in sync.","timestamp":"2016-12-30T03:13:33.364Z"}
{"level":"info","message":"Syncing files...","timestamp":"2016-12-30T03:13:33.365Z"}
{"level":"info","message":"pspublisher is starting...","timestamp":"2016-12-30T03:13:47.540Z"}
{"level":"info","message":"Connected to mongodb://localhost/app","timestamp":"2016-12-30T03:13:47.575Z"}
{"level":"info","message":"/Users/Sicueft/Desktop/Projects/PSPublisher/test/test-directory/test1.json was added to /Users/Sicueft/Desktop/Projects/PSPublisher/test/test-directory.","timestamp":"2016-12-30T03:13:47.581Z"}
{"level":"info","message":"Began watching /Users/Sicueft/Desktop/Projects/PSPublisher/test/test-directory","timestamp":"2016-12-30T03:13:47.582Z"}
{"level":"info","message":"Files in /Users/Sicueft/Desktop/Projects/PSPublisher/test/test-directory are not in sync.","timestamp":"2016-12-30T03:13:47.594Z"}
{"level":"info","message":"Syncing files...","timestamp":"2016-12-30T03:13:47.594Z"}
{"level":"info","message":"pspublisher is starting...","timestamp":"2016-12-30T03:14:16.453Z"}
{"level":"info","message":"Connected to mongodb://localhost/app","timestamp":"2016-12-30T03:14:16.484Z"}
{"level":"info","message":"/Users/Sicueft/Desktop/Projects/PSPublisher/test/test-directory/test1.json was added to /Users/Sicueft/Desktop/Projects/PSPublisher/test/test-directory.","timestamp":"2016-12-30T03:14:16.491Z"}
{"level":"info","message":"Began watching /Users/Sicueft/Desktop/Projects/PSPublisher/test/test-directory","timestamp":"2016-12-30T03:14:16.492Z"}
{"level":"info","message":"Files in /Users/Sicueft/Desktop/Projects/PSPublisher/test/test-directory are not in sync.","timestamp":"2016-12-30T03:14:16.503Z"}
{"level":"info","message":"Syncing files...","timestamp":"2016-12-30T03:14:16.504Z"}
{"level":"info","message":"pspublisher is starting...","timestamp":"2016-12-30T03:15:22.612Z"}
{"level":"info","message":"Connected to mongodb://localhost/app","timestamp":"2016-12-30T03:15:22.648Z"}
{"level":"info","message":"/Users/Sicueft/Desktop/Projects/PSPublisher/test/test-directory/test1.json was added to /Users/Sicueft/Desktop/Projects/PSPublisher/test/test-directory.","timestamp":"2016-12-30T03:15:22.655Z"}
{"level":"info","message":"Began watching /Users/Sicueft/Desktop/Projects/PSPublisher/test/test-directory","timestamp":"2016-12-30T03:15:22.656Z"}
{"level":"info","message":"Files in /Users/Sicueft/Desktop/Projects/PSPublisher/test/test-directory are not in sync.","timestamp":"2016-12-30T03:15:22.662Z"}
{"level":"info","message":"Syncing files...","timestamp":"2016-12-30T03:15:22.662Z"}
{"level":"info","message":"pspublisher is starting...","timestamp":"2016-12-30T03:15:46.556Z"}
{"level":"info","message":"Connected to mongodb://localhost/app","timestamp":"2016-12-30T03:15:46.587Z"}
{"level":"info","message":"/Users/Sicueft/Desktop/Projects/PSPublisher/test/test-directory/test1.json was added to /Users/Sicueft/Desktop/Projects/PSPublisher/test/test-directory.","timestamp":"2016-12-30T03:15:46.599Z"}
{"level":"info","message":"Began watching /Users/Sicueft/Desktop/Projects/PSPublisher/test/test-directory","timestamp":"2016-12-30T03:15:46.600Z"}
{"level":"info","message":"Files in /Users/Sicueft/Desktop/Projects/PSPublisher/test/test-directory are not in sync.","timestamp":"2016-12-30T03:15:46.611Z"}
{"level":"info","message":"Syncing files...","timestamp":"2016-12-30T03:15:46.611Z"}
{"level":"info","message":"pspublisher is starting...","timestamp":"2016-12-30T03:16:02.307Z"}
{"level":"info","message":"Connected to mongodb://localhost/app","timestamp":"2016-12-30T03:16:02.370Z"}
{"level":"info","message":"/Users/Sicueft/Desktop/Projects/PSPublisher/test/test-directory/test1.json was added to /Users/Sicueft/Desktop/Projects/PSPublisher/test/test-directory.","timestamp":"2016-12-30T03:16:02.379Z"}
{"level":"info","message":"Began watching /Users/Sicueft/Desktop/Projects/PSPublisher/test/test-directory","timestamp":"2016-12-30T03:16:02.380Z"}
{"level":"info","message":"Files in /Users/Sicueft/Desktop/Projects/PSPublisher/test/test-directory are not in sync.","timestamp":"2016-12-30T03:16:02.389Z"}
{"level":"info","message":"Syncing files...","timestamp":"2016-12-30T03:16:02.389Z"}
{"level":"info","message":"pspublisher is starting...","timestamp":"2016-12-30T03:16:29.386Z"}
{"level":"info","message":"Connected to mongodb://localhost/app","timestamp":"2016-12-30T03:16:29.419Z"}
{"level":"info","message":"/Users/Sicueft/Desktop/Projects/PSPublisher/test/test-directory/test1.json was added to /Users/Sicueft/Desktop/Projects/PSPublisher/test/test-directory.","timestamp":"2016-12-30T03:16:29.426Z"}
{"level":"info","message":"Began watching /Users/Sicueft/Desktop/Projects/PSPublisher/test/test-directory","timestamp":"2016-12-30T03:16:29.427Z"}
{"level":"info","message":"Files in /Users/Sicueft/Desktop/Projects/PSPublisher/test/test-directory are not in sync.","timestamp":"2016-12-30T03:16:29.435Z"}
{"level":"info","message":"Syncing files...","timestamp":"2016-12-30T03:16:29.435Z"}
{"level":"info","message":"pspublisher is starting...","timestamp":"2016-12-30T03:16:41.233Z"}
{"level":"info","message":"Connected to mongodb://localhost/app","timestamp":"2016-12-30T03:16:41.292Z"}
{"level":"info","message":"/Users/Sicueft/Desktop/Projects/PSPublisher/test/test-directory/test1.json was added to /Users/Sicueft/Desktop/Projects/PSPublisher/test/test-directory.","timestamp":"2016-12-30T03:16:41.298Z"}
{"level":"info","message":"Began watching /Users/Sicueft/Desktop/Projects/PSPublisher/test/test-directory","timestamp":"2016-12-30T03:16:41.302Z"}
{"level":"info","message":"Files in /Users/Sicueft/Desktop/Projects/PSPublisher/test/test-directory are not in sync.","timestamp":"2016-12-30T03:16:41.305Z"}
{"level":"info","message":"Syncing files...","timestamp":"2016-12-30T03:16:41.306Z"}
{"level":"info","message":"pspublisher is starting...","timestamp":"2016-12-30T03:16:51.268Z"}
{"level":"info","message":"Connected to mongodb://localhost/app","timestamp":"2016-12-30T03:16:51.302Z"}
{"level":"info","message":"/Users/Sicueft/Desktop/Projects/PSPublisher/test/test-directory/test1.json was added to /Users/Sicueft/Desktop/Projects/PSPublisher/test/test-directory.","timestamp":"2016-12-30T03:16:51.312Z"}
{"level":"info","message":"Began watching /Users/Sicueft/Desktop/Projects/PSPublisher/test/test-directory","timestamp":"2016-12-30T03:16:51.313Z"}
{"level":"info","message":"Files in /Users/Sicueft/Desktop/Projects/PSPublisher/test/test-directory are not in sync.","timestamp":"2016-12-30T03:16:51.325Z"}
{"level":"info","message":"Syncing files...","timestamp":"2016-12-30T03:16:51.325Z"}
{"level":"info","message":"pspublisher is starting...","timestamp":"2016-12-30T03:16:58.060Z"}
{"level":"info","message":"Connected to mongodb://localhost/app","timestamp":"2016-12-30T03:16:58.095Z"}
{"level":"info","message":"/Users/Sicueft/Desktop/Projects/PSPublisher/test/test-directory/test1.json was added to /Users/Sicueft/Desktop/Projects/PSPublisher/test/test-directory.","timestamp":"2016-12-30T03:16:58.103Z"}
{"level":"info","message":"Began watching /Users/Sicueft/Desktop/Projects/PSPublisher/test/test-directory","timestamp":"2016-12-30T03:16:58.106Z"}
{"level":"info","message":"Files in /Users/Sicueft/Desktop/Projects/PSPublisher/test/test-directory are not in sync.","timestamp":"2016-12-30T03:16:58.114Z"}
{"level":"info","message":"Syncing files...","timestamp":"2016-12-30T03:16:58.114Z"}
{"level":"info","message":"pspublisher is starting...","timestamp":"2016-12-30T03:18:21.647Z"}
{"level":"info","message":"Connected to mongodb://localhost/app","timestamp":"2016-12-30T03:18:21.685Z"}
{"level":"info","message":"/Users/Sicueft/Desktop/Projects/PSPublisher/test/test-directory/test1.json was added to /Users/Sicueft/Desktop/Projects/PSPublisher/test/test-directory.","timestamp":"2016-12-30T03:18:21.694Z"}
{"level":"info","message":"Began watching /Users/Sicueft/Desktop/Projects/PSPublisher/test/test-directory","timestamp":"2016-12-30T03:18:21.697Z"}
{"level":"info","message":"Files in /Users/Sicueft/Desktop/Projects/PSPublisher/test/test-directory are not in sync.","timestamp":"2016-12-30T03:18:21.703Z"}
{"level":"info","message":"Syncing files...","timestamp":"2016-12-30T03:18:21.705Z"}
{"level":"info","message":"pspublisher is starting...","timestamp":"2016-12-30T03:19:18.059Z"}
{"level":"info","message":"Connected to mongodb://localhost/app","timestamp":"2016-12-30T03:19:18.091Z"}
{"level":"info","message":"/Users/Sicueft/Desktop/Projects/PSPublisher/test/test-directory/test1.json was added to /Users/Sicueft/Desktop/Projects/PSPublisher/test/test-directory.","timestamp":"2016-12-30T03:19:18.098Z"}
{"level":"info","message":"Began watching /Users/Sicueft/Desktop/Projects/PSPublisher/test/test-directory","timestamp":"2016-12-30T03:19:18.099Z"}
{"level":"info","message":"Files in /Users/Sicueft/Desktop/Projects/PSPublisher/test/test-directory are not in sync.","timestamp":"2016-12-30T03:19:18.123Z"}
{"level":"info","message":"Syncing files...","timestamp":"2016-12-30T03:19:18.123Z"}
{"level":"info","message":"/Users/Sicueft/Desktop/Projects/PSPublisher/test/test-directory/test1.json was successfully inserted. id: 5865d23649188bf46ae2f5a4","timestamp":"2016-12-30T03:19:18.201Z"}
{"level":"info","message":"test1.json was successfully inserted. id: 5865d23649188bf46ae2f5a5","timestamp":"2016-12-30T03:19:18.203Z"}
